<?xml version="1.0" encoding="UTF-8"?>
<!-- Generated by org.testng.reporters.JUnitXMLReporter -->
<testsuite hostname="deepalis-MacBook-Pro.local" ignored="2" name="Test" tests="2" failures="0" timestamp="2023-08-20T12:15:20 IST" time="0.022" errors="0">
  <testcase name="infosys" time="0.005" classname="testNGDemo.GroupsAttributes"/>
  <testcase name="wipro" time="0.001" classname="testNGDemo.GroupsAttributes"/>
  <testcase name="maruti" time="0.0" classname="testNGDemo.GroupsAttributes">
    <ignored/>
  </testcase> <!-- maruti -->
  <testcase name="tata" time="0.0" classname="testNGDemo.GroupsAttributes">
    <ignored/>
  </testcase> <!-- tata -->
</testsuite> <!-- Test -->
