<?xml version="1.0" encoding="UTF-8"?>
<testng-results skipped="0" failed="0" ignored="0" total="3" passed="3">
  <reporter-output>
  </reporter-output>
  <suite name="Default suite" duration-ms="20" started-at="2024-02-07T21:53:08 IST" finished-at="2024-02-07T21:53:08 IST">
    <groups>
    </groups>
    <test name="Default test" duration-ms="20" started-at="2024-02-07T21:53:08 IST" finished-at="2024-02-07T21:53:08 IST">
      <class name="Practice09_26.testNGprc2">
        <test-method status="PASS" signature="BC()[pri:0, instance:Practice09_26.testNGprc2@5d11346a]" name="BC" is-config="true" duration-ms="0" started-at="2024-02-07T21:53:08 IST" finished-at="2024-02-07T21:53:08 IST">
          <reporter-output>
          </reporter-output>
        </test-method> <!-- BC -->
        <test-method status="PASS" signature="nametest3()[pri:0, instance:Practice09_26.testNGprc2@5d11346a]" name="nametest3" duration-ms="2" started-at="2024-02-07T21:53:08 IST" finished-at="2024-02-07T21:53:08 IST">
          <reporter-output>
          </reporter-output>
        </test-method> <!-- nametest3 -->
        <test-method status="PASS" signature="AC()[pri:0, instance:Practice09_26.testNGprc2@5d11346a]" name="AC" is-config="true" duration-ms="0" started-at="2024-02-07T21:53:08 IST" finished-at="2024-02-07T21:53:08 IST">
          <reporter-output>
          </reporter-output>
        </test-method> <!-- AC -->
      </class> <!-- Practice09_26.testNGprc2 -->
      <class name="Practice09_26.testNGprc">
        <test-method status="PASS" signature="BS()[pri:0, instance:Practice09_26.testNGprc@103f852]" name="BS" is-config="true" duration-ms="3" started-at="2024-02-07T21:53:08 IST" finished-at="2024-02-07T21:53:08 IST">
          <reporter-output>
          </reporter-output>
        </test-method> <!-- BS -->
        <test-method status="PASS" signature="BT()[pri:0, instance:Practice09_26.testNGprc@103f852]" name="BT" is-config="true" duration-ms="0" started-at="2024-02-07T21:53:08 IST" finished-at="2024-02-07T21:53:08 IST">
          <reporter-output>
          </reporter-output>
        </test-method> <!-- BT -->
        <test-method status="PASS" signature="BC()[pri:0, instance:Practice09_26.testNGprc@103f852]" name="BC" is-config="true" duration-ms="0" started-at="2024-02-07T21:53:08 IST" finished-at="2024-02-07T21:53:08 IST">
          <reporter-output>
          </reporter-output>
        </test-method> <!-- BC -->
        <test-method status="PASS" signature="BM()[pri:0, instance:Practice09_26.testNGprc@103f852]" name="BM" is-config="true" duration-ms="0" started-at="2024-02-07T21:53:08 IST" finished-at="2024-02-07T21:53:08 IST">
          <reporter-output>
          </reporter-output>
        </test-method> <!-- BM -->
        <test-method status="PASS" signature="nametest1()[pri:0, instance:Practice09_26.testNGprc@103f852]" name="nametest1" duration-ms="0" started-at="2024-02-07T21:53:08 IST" finished-at="2024-02-07T21:53:08 IST">
          <reporter-output>
          </reporter-output>
        </test-method> <!-- nametest1 -->
        <test-method status="PASS" signature="nametest2()[pri:0, instance:Practice09_26.testNGprc@103f852]" name="nametest2" duration-ms="1" started-at="2024-02-07T21:53:08 IST" finished-at="2024-02-07T21:53:08 IST">
          <reporter-output>
          </reporter-output>
        </test-method> <!-- nametest2 -->
        <test-method status="PASS" signature="AM()[pri:0, instance:Practice09_26.testNGprc@103f852]" name="AM" is-config="true" duration-ms="0" started-at="2024-02-07T21:53:08 IST" finished-at="2024-02-07T21:53:08 IST">
          <reporter-output>
          </reporter-output>
        </test-method> <!-- AM -->
        <test-method status="PASS" signature="BM()[pri:0, instance:Practice09_26.testNGprc@103f852]" name="BM" is-config="true" duration-ms="0" started-at="2024-02-07T21:53:08 IST" finished-at="2024-02-07T21:53:08 IST">
          <reporter-output>
          </reporter-output>
        </test-method> <!-- BM -->
        <test-method status="PASS" signature="AM()[pri:0, instance:Practice09_26.testNGprc@103f852]" name="AM" is-config="true" duration-ms="1" started-at="2024-02-07T21:53:08 IST" finished-at="2024-02-07T21:53:08 IST">
          <reporter-output>
          </reporter-output>
        </test-method> <!-- AM -->
        <test-method status="PASS" signature="AC()[pri:0, instance:Practice09_26.testNGprc@103f852]" name="AC" is-config="true" duration-ms="0" started-at="2024-02-07T21:53:08 IST" finished-at="2024-02-07T21:53:08 IST">
          <reporter-output>
          </reporter-output>
        </test-method> <!-- AC -->
        <test-method status="PASS" signature="AT()[pri:0, instance:Practice09_26.testNGprc@103f852]" name="AT" is-config="true" duration-ms="0" started-at="2024-02-07T21:53:08 IST" finished-at="2024-02-07T21:53:08 IST">
          <reporter-output>
          </reporter-output>
        </test-method> <!-- AT -->
      </class> <!-- Practice09_26.testNGprc -->
    </test> <!-- Default test -->
  </suite> <!-- Default suite -->
</testng-results>
