<?xml version="1.0" encoding="UTF-8"?>
<testng-results skipped="0" failed="0" ignored="0" total="2" passed="2">
  <reporter-output>
  </reporter-output>
  <suite name="Default suite" duration-ms="19" started-at="2023-08-20T12:19:42 IST" finished-at="2023-08-20T12:19:42 IST">
    <groups>
    </groups>
    <test name="Default test" duration-ms="19" started-at="2023-08-20T12:19:42 IST" finished-at="2023-08-20T12:19:42 IST">
      <class name="testNGDemo.TestNGXML">
        <test-method status="PASS" signature="test2()[pri:-3, instance:testNGDemo.TestNGXML@18bf3d14]" name="test2" duration-ms="3" started-at="2023-08-20T12:19:42 IST" finished-at="2023-08-20T12:19:42 IST">
          <reporter-output>
          </reporter-output>
        </test-method> <!-- test2 -->
        <test-method status="PASS" signature="test1()[pri:-1, instance:testNGDemo.TestNGXML@18bf3d14]" name="test1" duration-ms="1" started-at="2023-08-20T12:19:42 IST" finished-at="2023-08-20T12:19:42 IST">
          <reporter-output>
          </reporter-output>
        </test-method> <!-- test1 -->
      </class> <!-- testNGDemo.TestNGXML -->
    </test> <!-- Default test -->
  </suite> <!-- Default suite -->
</testng-results>
