<?xml version="1.0" encoding="UTF-8"?>
<!-- Generated by org.testng.reporters.JUnitXMLReporter -->
<testsuite hostname="deepalis-MacBook-Pro.local" ignored="0" name="Default test" tests="3" failures="0" timestamp="2024-02-07T21:53:08 IST" time="0.02" errors="0">
  <testcase name="nametest3" time="0.002" classname="Practice09_26.testNGprc2"/>
  <testcase name="nametest1" time="0.0" classname="Practice09_26.testNGprc"/>
  <testcase name="nametest2" time="0.001" classname="Practice09_26.testNGprc"/>
</testsuite> <!-- Default test -->
